*** Using Compiler 'V6.22', folder: 'D:\ProgramFiles\Keil_v5\ARM\ARMCLANG\Bin'
Build target 'rt-thread'
compiling syscalls.c...
compiling cctype.c...
compiling drv_rtt.c...
compiling dev_relay.c...
compiling syscall_mem.c...
compiling drv_meter.c...
compiling dev_lock.c...
compiling SEGGER_RTT.c...
compiling drv_hlw8032.c...
compiling cunistd.c...
compiling cstdlib.c...
compiling evse_main.c...
compiling SEGGER_RTT_printf.c...
compiling cstring.c...
compiling sfud_port.c...
compiling drv_cd4051.c...
compiling evse_main_thread.c...
compiling ctime.c...
compiling cwchar.c...
compiling device.c...
compiling completion_comm.c...
compiling hwtimer.c...
compiling condvar.c...
compiling completion_up.c...
compiling pipe.c...
compiling waitqueue.c...
compiling dataqueue.c...
compiling dev_rtc.c...
compiling adc.c...
compiling workqueue.c...
compiling ringbuffer.c...
compiling ringblk_buf.c...
compiling dev_pin.c...
compiling dev_spi.c...
compiling dev_alarm.c...
compiling dev_serial.c...
assembling startup_gd32f450_470.s...
compiling dev_spi_core.c...
compiling dev_spi_flash_sfud.c...
compiling sfud_sfdp.c...
compiling board.c...
compiling sfud.c...
compiling drv_gpio.c...
compiling drv_spi.c...
compiling drv_rtc.c...
compiling devfs.c...
compiling dfs.c...
compiling drv_timer.c...
compiling shell.c...
compiling dfs_fs.c...
compiling dfs_file.c...
compiling dfs_posix.c...
compiling drv_usart.c...
compiling msh_parse.c...
compiling msh.c...
compiling msh_file.c...
compiling clock.c...
compiling cpu_up.c...
compiling components.c...
compiling idle.c...
compiling defunct.c...
compiling cmd.c...
compiling irq.c...
compiling mem.c...
compiling scheduler_comm.c...
compiling mempool.c...
compiling kservice.c...
compiling scheduler_up.c...
compiling object.c...
compiling kstdio.c...
compiling div0.c...
compiling thread.c...
compiling timer.c...
compiling kerrno.c...
assembling context_rvds.S...
compiling showmem.c...
compiling kstring.c...
compiling rt_vsscanf.c...
compiling cpuport.c...
compiling ipc.c...
compiling gd32f4xx_misc.c...
compiling gd32f4xx_gpio.c...
compiling gd32f4xx_pmu.c...
compiling system_gd32f4xx.c...
compiling gd32f4xx_usart.c...
compiling rt_vsnprintf_std.c...
compiling gd32f4xx_syscfg.c...
compiling gd32f4xx_exti.c...
compiling gd32f4xx_adc.c...
compiling gd32f4xx_dma.c...
compiling console_be.c...
compiling gd32f4xx_spi.c...
compiling gd32f4xx_timer.c...
compiling gd32f4xx_rcu.c...
compiling gd32f4xx_rtc.c...
compiling ulog.c...
linking...
Program Size: Code=117166 RO-data=19346 RW-data=1092 ZI-data=9356  
After Build - User command #1: fromelf --bin .\build\rtthread.axf --output rtthread.bin
".\build\rtthread.axf" - 0 Error(s), 0 Warning(s).
Build Time Elapsed:  00:00:06
